0 verbose cli C:\Program Files\nodejs\node.exe C:\Program Files\nodejs\node_modules\npm\bin\npm-cli.js
1 info using npm@10.9.2
2 info using node@v22.14.0
3 silly config load:file:C:\Program Files\nodejs\node_modules\npm\npmrc
4 silly config load:file:D:\Python_Full_Stack\Python_Full_Stack_Projects\Codevector_Task\frontend\.npmrc
5 silly config load:file:C:\Users\poted\.npmrc
6 silly config load:file:C:\Users\poted\AppData\Roaming\npm\etc\npmrc
7 verbose title npm install
8 verbose argv "install" "--cache" ".\\.npm-cache"
9 verbose logfile logs-max:10 dir:D:\Python_Full_Stack\Python_Full_Stack_Projects\Codevector_Task\frontend\.npm-cache\_logs\2026-06-22T11_52_43_738Z-
10 verbose logfile D:\Python_Full_Stack\Python_Full_Stack_Projects\Codevector_Task\frontend\.npm-cache\_logs\2026-06-22T11_52_43_738Z-debug-0.log
11 silly logfile done cleaning log files
12 silly packumentCache heap:4345298944 maxSize:1086324736 maxEntrySize:543162368
13 silly idealTree buildDeps
14 silly fetch manifest @vitejs/plugin-react@latest
15 silly packumentCache full:https://registry.npmjs.org/@vitejs%2fplugin-react cache-miss
16 http fetch GET 200 https://registry.npmjs.org/@vitejs%2fplugin-react 539ms (cache miss)
17 silly packumentCache full:https://registry.npmjs.org/@vitejs%2fplugin-react set size:undefined disposed:false
18 silly fetch manifest @rolldown/plugin-babel@^0.1.7 || ^0.2.0
19 silly packumentCache full:https://registry.npmjs.org/@rolldown%2fplugin-babel cache-miss
20 http fetch GET 200 https://registry.npmjs.org/@rolldown%2fplugin-babel 100ms (cache miss)
21 silly packumentCache full:https://registry.npmjs.org/@rolldown%2fplugin-babel set size:undefined disposed:false
22 silly fetch manifest @babel/core@^7.29.0 || ^8.0.0-rc.1
23 silly packumentCache full:https://registry.npmjs.org/@babel%2fcore cache-miss
24 http fetch GET 200 https://registry.npmjs.org/@babel%2fcore 241ms (cache miss)
25 silly packumentCache full:https://registry.npmjs.org/@babel%2fcore set size:undefined disposed:false
26 silly fetch manifest @babel/preset-typescript@^8.0.0-0
27 silly packumentCache full:https://registry.npmjs.org/@babel%2fpreset-typescript cache-miss
28 http fetch GET 200 https://registry.npmjs.org/@babel%2fpreset-typescript 123ms (cache miss)
29 silly packumentCache full:https://registry.npmjs.org/@babel%2fpreset-typescript set size:undefined disposed:false
30 silly fetch manifest @babel/plugin-transform-runtime@^7.29.0 || ^8.0.0-rc.1
31 silly packumentCache full:https://registry.npmjs.org/@babel%2fplugin-transform-runtime cache-miss
32 http fetch GET 200 https://registry.npmjs.org/@babel%2fplugin-transform-runtime 143ms (cache miss)
33 silly packumentCache full:https://registry.npmjs.org/@babel%2fplugin-transform-runtime set size:undefined disposed:false
34 silly fetch manifest @babel/runtime@^7.27.0 || ^8.0.0-rc.1
35 silly packumentCache full:https://registry.npmjs.org/@babel%2fruntime cache-miss
36 http fetch GET 200 https://registry.npmjs.org/@babel%2fruntime 316ms (cache miss)
37 silly packumentCache full:https://registry.npmjs.org/@babel%2fruntime set size:undefined disposed:false
38 silly fetch manifest rolldown@^1.0.0-rc.5
39 silly packumentCache full:https://registry.npmjs.org/rolldown cache-miss
40 http fetch GET 200 https://registry.npmjs.org/rolldown 598ms (cache miss)
41 silly packumentCache full:https://registry.npmjs.org/rolldown set size:undefined disposed:false
42 silly fetch manifest vite@latest
43 silly packumentCache full:https://registry.npmjs.org/vite cache-miss
44 http fetch GET 200 https://registry.npmjs.org/vite 1437ms (cache miss)
45 silly packumentCache full:https://registry.npmjs.org/vite set size:undefined disposed:false
46 silly fetch manifest @types/node@^20.19.0 || >=22.12.0
47 silly packumentCache full:https://registry.npmjs.org/@types%2fnode cache-miss
48 http fetch GET 200 https://registry.npmjs.org/@types%2fnode 498ms (cache miss)
49 silly packumentCache full:https://registry.npmjs.org/@types%2fnode set size:undefined disposed:false
50 silly fetch manifest @vitejs/devtools@^0.1.18
51 silly packumentCache full:https://registry.npmjs.org/@vitejs%2fdevtools cache-miss
52 http fetch GET 200 https://registry.npmjs.org/@vitejs%2fdevtools 135ms (cache miss)
53 silly packumentCache full:https://registry.npmjs.org/@vitejs%2fdevtools set size:undefined disposed:false
54 silly fetch manifest esbuild@^0.27.0 || ^0.28.0
55 silly packumentCache full:https://registry.npmjs.org/esbuild cache-miss
56 http fetch GET 200 https://registry.npmjs.org/esbuild 277ms (cache miss)
57 silly packumentCache full:https://registry.npmjs.org/esbuild set size:undefined disposed:false
58 silly fetch manifest jiti@>=1.21.0
59 silly packumentCache full:https://registry.npmjs.org/jiti cache-miss
60 http fetch GET 200 https://registry.npmjs.org/jiti 144ms (cache miss)
61 silly packumentCache full:https://registry.npmjs.org/jiti set size:undefined disposed:false
62 silly fetch manifest less@^4.0.0
63 silly packumentCache full:https://registry.npmjs.org/less cache-miss
64 http fetch GET 200 https://registry.npmjs.org/less 112ms (cache miss)
65 silly packumentCache full:https://registry.npmjs.org/less set size:undefined disposed:false
66 silly fetch manifest sass@^1.70.0
67 silly packumentCache full:https://registry.npmjs.org/sass cache-miss
68 http fetch GET 200 https://registry.npmjs.org/sass 155ms (cache miss)
69 silly packumentCache full:https://registry.npmjs.org/sass set size:undefined disposed:false
70 silly fetch manifest sass-embedded@^1.70.0
71 silly packumentCache full:https://registry.npmjs.org/sass-embedded cache-miss
72 http fetch GET 200 https://registry.npmjs.org/sass-embedded 137ms (cache miss)
73 silly packumentCache full:https://registry.npmjs.org/sass-embedded set size:undefined disposed:false
74 silly fetch manifest stylus@>=0.54.8
75 silly packumentCache full:https://registry.npmjs.org/stylus cache-miss
76 http fetch GET 200 https://registry.npmjs.org/stylus 106ms (cache miss)
77 silly packumentCache full:https://registry.npmjs.org/stylus set size:undefined disposed:false
78 silly fetch manifest sugarss@^5.0.0
79 silly packumentCache full:https://registry.npmjs.org/sugarss cache-miss
80 http fetch GET 200 https://registry.npmjs.org/sugarss 96ms (cache miss)
81 silly packumentCache full:https://registry.npmjs.org/sugarss set size:undefined disposed:false
82 silly fetch manifest postcss@^8.3.3
83 silly packumentCache full:https://registry.npmjs.org/postcss cache-miss
84 http fetch GET 200 https://registry.npmjs.org/postcss 127ms (cache miss)
85 silly packumentCache full:https://registry.npmjs.org/postcss set size:undefined disposed:false
86 silly fetch manifest terser@^5.16.0
87 silly packumentCache full:https://registry.npmjs.org/terser cache-miss
88 http fetch GET 200 https://registry.npmjs.org/terser 232ms (cache miss)
89 silly packumentCache full:https://registry.npmjs.org/terser set size:undefined disposed:false
90 silly fetch manifest tsx@^4.8.1
91 silly packumentCache full:https://registry.npmjs.org/tsx cache-miss
92 http fetch GET 200 https://registry.npmjs.org/tsx 100ms (cache miss)
93 silly packumentCache full:https://registry.npmjs.org/tsx set size:undefined disposed:false
94 silly fetch manifest yaml@^2.4.2
95 silly packumentCache full:https://registry.npmjs.org/yaml cache-miss
96 http fetch GET 200 https://registry.npmjs.org/yaml 125ms (cache miss)
97 silly packumentCache full:https://registry.npmjs.org/yaml set size:undefined disposed:false
98 silly fetch manifest babel-plugin-react-compiler@^1.0.0
99 silly packumentCache full:https://registry.npmjs.org/babel-plugin-react-compiler cache-miss
100 http fetch GET 200 https://registry.npmjs.org/babel-plugin-react-compiler 140ms (cache miss)
101 silly packumentCache full:https://registry.npmjs.org/babel-plugin-react-compiler set size:undefined disposed:false
102 silly fetch manifest react@latest
103 silly packumentCache full:https://registry.npmjs.org/react cache-miss
104 http fetch GET 200 https://registry.npmjs.org/react 399ms (cache miss)
105 silly packumentCache full:https://registry.npmjs.org/react set size:undefined disposed:false
106 silly fetch manifest react-dom@latest
107 silly packumentCache full:https://registry.npmjs.org/react-dom cache-miss
108 http fetch GET 200 https://registry.npmjs.org/react-dom 412ms (cache miss)
109 silly packumentCache full:https://registry.npmjs.org/react-dom set size:undefined disposed:false
110 silly fetch manifest lucide-react@latest
111 silly packumentCache full:https://registry.npmjs.org/lucide-react cache-miss
112 http fetch GET 200 https://registry.npmjs.org/lucide-react 199ms (cache miss)
113 silly packumentCache full:https://registry.npmjs.org/lucide-react set size:undefined disposed:false
114 silly placeDep ROOT @vitejs/plugin-react@6.0.2 OK for:  want: latest
115 silly placeDep ROOT vite@8.0.16 OK for: @vitejs/plugin-react@6.0.2 want: ^8.0.0
116 silly placeDep ROOT lucide-react@1.21.0 OK for:  want: latest
117 silly placeDep ROOT react@19.2.7 OK for: lucide-react@1.21.0 want: ^16.5.1 || ^17.0.0 || ^18.0.0 || ^19.0.0
118 silly placeDep ROOT react-dom@19.2.7 OK for:  want: latest
119 silly fetch manifest @rolldown/pluginutils@^1.0.0
120 silly packumentCache full:https://registry.npmjs.org/@rolldown%2fpluginutils cache-miss
121 silly fetch manifest postcss@^8.5.15
122 silly packumentCache full:https://registry.npmjs.org/postcss cache-miss
123 silly fetch manifest rolldown@1.0.3
124 silly packumentCache full:https://registry.npmjs.org/rolldown cache-miss
125 silly fetch manifest picomatch@^4.0.4
126 silly packumentCache full:https://registry.npmjs.org/picomatch cache-miss
127 silly fetch manifest tinyglobby@^0.2.17
128 silly packumentCache full:https://registry.npmjs.org/tinyglobby cache-miss
129 silly fetch manifest lightningcss@^1.32.0
130 silly packumentCache full:https://registry.npmjs.org/lightningcss cache-miss
131 silly fetch manifest fsevents@~2.3.3
132 silly packumentCache full:https://registry.npmjs.org/fsevents cache-miss
133 silly fetch manifest scheduler@^0.27.0
134 silly packumentCache full:https://registry.npmjs.org/scheduler cache-miss
135 http cache https://registry.npmjs.org/postcss 58ms (cache hit)
136 silly packumentCache full:https://registry.npmjs.org/postcss set size:723316 disposed:false
137 http cache https://registry.npmjs.org/rolldown 81ms (cache hit)
138 silly packumentCache full:https://registry.npmjs.org/rolldown set size:3737500 disposed:false
139 http fetch GET 200 https://registry.npmjs.org/@rolldown%2fpluginutils 134ms (cache miss)
140 silly packumentCache full:https://registry.npmjs.org/@rolldown%2fpluginutils set size:undefined disposed:false
141 http fetch GET 200 https://registry.npmjs.org/tinyglobby 363ms (cache miss)
142 silly packumentCache full:https://registry.npmjs.org/tinyglobby set size:undefined disposed:false
143 http fetch GET 200 https://registry.npmjs.org/picomatch 414ms (cache miss)
144 silly packumentCache full:https://registry.npmjs.org/picomatch set size:undefined disposed:false
145 http fetch GET 200 https://registry.npmjs.org/lightningcss 421ms (cache miss)
146 silly packumentCache full:https://registry.npmjs.org/lightningcss set size:undefined disposed:false
147 http fetch GET 200 https://registry.npmjs.org/fsevents 428ms (cache miss)
148 silly packumentCache full:https://registry.npmjs.org/fsevents set size:undefined disposed:false
149 http fetch GET 200 https://registry.npmjs.org/scheduler 894ms (cache miss)
150 silly packumentCache full:https://registry.npmjs.org/scheduler set size:undefined disposed:false
151 silly placeDep ROOT @rolldown/pluginutils@1.0.1 OK for: @vitejs/plugin-react@6.0.2 want: ^1.0.0
152 silly placeDep ROOT scheduler@0.27.0 OK for: react-dom@19.2.7 want: ^0.27.0
153 silly placeDep ROOT fsevents@2.3.3 OK for: vite@8.0.16 want: ~2.3.3
154 silly placeDep ROOT lightningcss@1.32.0 OK for: vite@8.0.16 want: ^1.32.0
155 silly placeDep ROOT picomatch@4.0.4 OK for: vite@8.0.16 want: ^4.0.4
156 silly placeDep ROOT postcss@8.5.15 OK for: vite@8.0.16 want: ^8.5.15
157 silly placeDep ROOT rolldown@1.0.3 OK for: vite@8.0.16 want: 1.0.3
158 silly placeDep ROOT tinyglobby@0.2.17 OK for: vite@8.0.16 want: ^0.2.17
159 silly fetch manifest detect-libc@^2.0.3
160 silly packumentCache full:https://registry.npmjs.org/detect-libc cache-miss
161 silly fetch manifest lightningcss-darwin-x64@1.32.0
162 silly packumentCache full:https://registry.npmjs.org/lightningcss-darwin-x64 cache-miss
163 silly fetch manifest lightningcss-linux-x64-gnu@1.32.0
164 silly packumentCache full:https://registry.npmjs.org/lightningcss-linux-x64-gnu cache-miss
165 silly fetch manifest lightningcss-win32-x64-msvc@1.32.0
166 silly packumentCache full:https://registry.npmjs.org/lightningcss-win32-x64-msvc cache-miss
167 silly fetch manifest lightningcss-win32-arm64-msvc@1.32.0
168 silly packumentCache full:https://registry.npmjs.org/lightningcss-win32-arm64-msvc cache-miss
169 silly fetch manifest lightningcss-darwin-arm64@1.32.0
170 silly packumentCache full:https://registry.npmjs.org/lightningcss-darwin-arm64 cache-miss
171 silly fetch manifest lightningcss-linux-arm64-gnu@1.32.0
172 silly packumentCache full:https://registry.npmjs.org/lightningcss-linux-arm64-gnu cache-miss
173 silly fetch manifest lightningcss-linux-arm-gnueabihf@1.32.0
174 silly packumentCache full:https://registry.npmjs.org/lightningcss-linux-arm-gnueabihf cache-miss
175 silly fetch manifest lightningcss-linux-arm64-musl@1.32.0
176 silly packumentCache full:https://registry.npmjs.org/lightningcss-linux-arm64-musl cache-miss
177 silly fetch manifest lightningcss-linux-x64-musl@1.32.0
178 silly packumentCache full:https://registry.npmjs.org/lightningcss-linux-x64-musl cache-miss
179 silly fetch manifest lightningcss-freebsd-x64@1.32.0
180 silly packumentCache full:https://registry.npmjs.org/lightningcss-freebsd-x64 cache-miss
181 http fetch GET 200 https://registry.npmjs.org/lightningcss-darwin-x64 169ms (cache miss)
182 silly packumentCache full:https://registry.npmjs.org/lightningcss-darwin-x64 set size:undefined disposed:false
183 silly fetch manifest lightningcss-android-arm64@1.32.0
184 silly packumentCache full:https://registry.npmjs.org/lightningcss-android-arm64 cache-miss
185 http fetch GET 200 https://registry.npmjs.org/detect-libc 174ms (cache miss)
186 silly packumentCache full:https://registry.npmjs.org/detect-libc set size:undefined disposed:false
187 silly fetch manifest nanoid@^3.3.12
188 silly packumentCache full:https://registry.npmjs.org/nanoid cache-miss
189 http fetch GET 200 https://registry.npmjs.org/lightningcss-win32-arm64-msvc 194ms (cache miss)
190 silly packumentCache full:https://registry.npmjs.org/lightningcss-win32-arm64-msvc set size:undefined disposed:false
191 silly fetch manifest picocolors@^1.1.1
192 silly packumentCache full:https://registry.npmjs.org/picocolors cache-miss
193 http fetch GET 200 https://registry.npmjs.org/lightningcss-linux-x64-gnu 198ms (cache miss)
194 silly packumentCache full:https://registry.npmjs.org/lightningcss-linux-x64-gnu set size:undefined disposed:false
195 silly fetch manifest source-map-js@^1.2.1
196 silly packumentCache full:https://registry.npmjs.org/source-map-js cache-miss
197 http fetch GET 200 https://registry.npmjs.org/lightningcss-win32-x64-msvc 202ms (cache miss)
198 silly packumentCache full:https://registry.npmjs.org/lightningcss-win32-x64-msvc set size:undefined disposed:false
199 silly fetch manifest @oxc-project/types@=0.133.0
200 silly packumentCache full:https://registry.npmjs.org/@oxc-project%2ftypes cache-miss
201 http fetch GET 200 https://registry.npmjs.org/lightningcss-darwin-arm64 208ms (cache miss)
202 silly packumentCache full:https://registry.npmjs.org/lightningcss-darwin-arm64 set size:undefined disposed:false
203 silly fetch manifest @rolldown/binding-darwin-x64@1.0.3
204 silly packumentCache full:https://registry.npmjs.org/@rolldown%2fbinding-darwin-x64 cache-miss
205 http fetch GET 200 https://registry.npmjs.org/lightningcss-android-arm64 175ms (cache miss)
206 silly packumentCache full:https://registry.npmjs.org/lightningcss-android-arm64 set size:undefined disposed:false
207 silly fetch manifest @rolldown/binding-freebsd-x64@1.0.3
208 silly packumentCache full:https://registry.npmjs.org/@rolldown%2fbinding-freebsd-x64 cache-miss
209 http fetch GET 200 https://registry.npmjs.org/nanoid 203ms (cache miss)
210 silly packumentCache full:https://registry.npmjs.org/nanoid set size:undefined disposed:false
211 silly fetch manifest @rolldown/binding-wasm32-wasi@1.0.3
212 silly packumentCache full:https://registry.npmjs.org/@rolldown%2fbinding-wasm32-wasi cache-miss
213 http fetch GET 200 https://registry.npmjs.org/picocolors 220ms (cache miss)
214 silly packumentCache full:https://registry.npmjs.org/picocolors set size:undefined disposed:false
215 silly fetch manifest @rolldown/binding-darwin-arm64@1.0.3
216 silly packumentCache full:https://registry.npmjs.org/@rolldown%2fbinding-darwin-arm64 cache-miss
217 http fetch GET 200 https://registry.npmjs.org/source-map-js 216ms (cache miss)
218 silly packumentCache full:https://registry.npmjs.org/source-map-js set size:undefined disposed:false
219 silly fetch manifest @rolldown/binding-android-arm64@1.0.3
220 silly packumentCache full:https://registry.npmjs.org/@rolldown%2fbinding-android-arm64 cache-miss
221 http fetch GET 200 https://registry.npmjs.org/lightningcss-linux-arm64-gnu 565ms (cache miss)
222 silly packumentCache full:https://registry.npmjs.org/lightningcss-linux-arm64-gnu set size:undefined disposed:false
223 silly fetch manifest @rolldown/binding-linux-x64-gnu@1.0.3
224 silly packumentCache full:https://registry.npmjs.org/@rolldown%2fbinding-linux-x64-gnu cache-miss
225 http fetch GET 200 https://registry.npmjs.org/lightningcss-linux-arm64-musl 579ms (cache miss)
226 silly packumentCache full:https://registry.npmjs.org/lightningcss-linux-arm64-musl set size:undefined disposed:false
227 silly fetch manifest @rolldown/binding-linux-x64-musl@1.0.3
228 silly packumentCache full:https://registry.npmjs.org/@rolldown%2fbinding-linux-x64-musl cache-miss
229 http fetch GET 200 https://registry.npmjs.org/lightningcss-freebsd-x64 591ms (cache miss)
230 silly packumentCache full:https://registry.npmjs.org/lightningcss-freebsd-x64 set size:undefined disposed:false
231 silly fetch manifest @rolldown/binding-win32-x64-msvc@1.0.3
232 silly packumentCache full:https://registry.npmjs.org/@rolldown%2fbinding-win32-x64-msvc cache-miss
233 http fetch GET 200 https://registry.npmjs.org/@rolldown%2fbinding-wasm32-wasi 213ms (cache miss)
234 silly packumentCache full:https://registry.npmjs.org/@rolldown%2fbinding-wasm32-wasi set size:undefined disposed:false
235 silly fetch manifest @rolldown/binding-linux-arm64-gnu@1.0.3
236 silly packumentCache full:https://registry.npmjs.org/@rolldown%2fbinding-linux-arm64-gnu cache-miss
237 http fetch GET 200 https://registry.npmjs.org/lightningcss-linux-arm-gnueabihf 613ms (cache miss)
238 silly packumentCache full:https://registry.npmjs.org/lightningcss-linux-arm-gnueabihf set size:undefined disposed:false
239 silly fetch manifest @rolldown/binding-linux-ppc64-gnu@1.0.3
240 silly packumentCache full:https://registry.npmjs.org/@rolldown%2fbinding-linux-ppc64-gnu cache-miss
241 http fetch GET 200 https://registry.npmjs.org/lightningcss-linux-x64-musl 618ms (cache miss)
242 silly packumentCache full:https://registry.npmjs.org/lightningcss-linux-x64-musl set size:undefined disposed:false
243 silly fetch manifest @rolldown/binding-linux-s390x-gnu@1.0.3
244 silly packumentCache full:https://registry.npmjs.org/@rolldown%2fbinding-linux-s390x-gnu cache-miss
245 http fetch GET 200 https://registry.npmjs.org/@rolldown%2fbinding-android-arm64 205ms (cache miss)
246 silly packumentCache full:https://registry.npmjs.org/@rolldown%2fbinding-android-arm64 set size:undefined disposed:false
247 silly fetch manifest @rolldown/binding-linux-arm64-musl@1.0.3
248 silly packumentCache full:https://registry.npmjs.org/@rolldown%2fbinding-linux-arm64-musl cache-miss
249 http fetch GET 200 https://registry.npmjs.org/@rolldown%2fbinding-freebsd-x64 292ms (cache miss)
250 silly packumentCache full:https://registry.npmjs.org/@rolldown%2fbinding-freebsd-x64 set size:undefined disposed:false
251 silly fetch manifest @rolldown/binding-win32-arm64-msvc@1.0.3
252 silly packumentCache full:https://registry.npmjs.org/@rolldown%2fbinding-win32-arm64-msvc cache-miss
253 http fetch GET 200 https://registry.npmjs.org/@rolldown%2fbinding-darwin-x64 533ms (cache miss)
254 silly packumentCache full:https://registry.npmjs.org/@rolldown%2fbinding-darwin-x64 set size:undefined disposed:false
255 silly fetch manifest @rolldown/binding-openharmony-arm64@1.0.3
256 silly packumentCache full:https://registry.npmjs.org/@rolldown%2fbinding-openharmony-arm64 cache-miss
257 http fetch GET 200 https://registry.npmjs.org/@rolldown%2fbinding-linux-arm64-gnu 197ms (cache miss)
258 silly packumentCache full:https://registry.npmjs.org/@rolldown%2fbinding-linux-arm64-gnu set size:undefined disposed:false
259 silly fetch manifest @rolldown/binding-linux-arm-gnueabihf@1.0.3
260 silly packumentCache full:https://registry.npmjs.org/@rolldown%2fbinding-linux-arm-gnueabihf cache-miss
261 http fetch GET 200 https://registry.npmjs.org/@rolldown%2fbinding-linux-s390x-gnu 216ms (cache miss)
262 silly packumentCache full:https://registry.npmjs.org/@rolldown%2fbinding-linux-s390x-gnu set size:undefined disposed:false
263 silly fetch manifest fdir@^6.5.0
264 silly packumentCache full:https://registry.npmjs.org/fdir cache-miss
265 http fetch GET 200 https://registry.npmjs.org/@rolldown%2fbinding-darwin-arm64 446ms (cache miss)
266 silly packumentCache full:https://registry.npmjs.org/@rolldown%2fbinding-darwin-arm64 set size:undefined disposed:false
267 http fetch GET 200 https://registry.npmjs.org/@oxc-project%2ftypes 705ms (cache miss)
268 silly packumentCache full:https://registry.npmjs.org/@oxc-project%2ftypes set size:undefined disposed:false
269 http fetch GET 200 https://registry.npmjs.org/@rolldown%2fbinding-linux-x64-gnu 389ms (cache miss)
270 silly packumentCache full:https://registry.npmjs.org/@rolldown%2fbinding-linux-x64-gnu set size:undefined disposed:false
271 http fetch GET 200 https://registry.npmjs.org/@rolldown%2fbinding-linux-ppc64-gnu 385ms (cache miss)
272 silly packumentCache full:https://registry.npmjs.org/@rolldown%2fbinding-linux-ppc64-gnu set size:undefined disposed:false
273 http fetch GET 200 https://registry.npmjs.org/@rolldown%2fbinding-linux-x64-musl 421ms (cache miss)
274 silly packumentCache full:https://registry.npmjs.org/@rolldown%2fbinding-linux-x64-musl set size:undefined disposed:false
275 http fetch GET 200 https://registry.npmjs.org/@rolldown%2fbinding-win32-arm64-msvc 411ms (cache miss)
276 silly packumentCache full:https://registry.npmjs.org/@rolldown%2fbinding-win32-arm64-msvc set size:undefined disposed:false
277 http fetch GET 200 https://registry.npmjs.org/@rolldown%2fbinding-win32-x64-msvc 486ms (cache miss)
278 silly packumentCache full:https://registry.npmjs.org/@rolldown%2fbinding-win32-x64-msvc set size:undefined disposed:false
279 http fetch GET 200 https://registry.npmjs.org/fdir 259ms (cache miss)
280 silly packumentCache full:https://registry.npmjs.org/fdir set size:undefined disposed:false
281 http fetch GET 200 https://registry.npmjs.org/@rolldown%2fbinding-linux-arm64-musl 481ms (cache miss)
282 silly packumentCache full:https://registry.npmjs.org/@rolldown%2fbinding-linux-arm64-musl set size:undefined disposed:false
283 http fetch GET 200 https://registry.npmjs.org/@rolldown%2fbinding-linux-arm-gnueabihf 454ms (cache miss)
284 silly packumentCache full:https://registry.npmjs.org/@rolldown%2fbinding-linux-arm-gnueabihf set size:undefined disposed:false
285 http fetch GET 200 https://registry.npmjs.org/@rolldown%2fbinding-openharmony-arm64 791ms (cache miss)
286 silly packumentCache full:https://registry.npmjs.org/@rolldown%2fbinding-openharmony-arm64 set size:undefined disposed:false
287 silly placeDep ROOT detect-libc@2.1.2 OK for: lightningcss@1.32.0 want: ^2.0.3
288 silly placeDep ROOT lightningcss-android-arm64@1.32.0 OK for: lightningcss@1.32.0 want: 1.32.0
289 silly placeDep ROOT lightningcss-darwin-arm64@1.32.0 OK for: lightningcss@1.32.0 want: 1.32.0
290 silly placeDep ROOT lightningcss-darwin-x64@1.32.0 OK for: lightningcss@1.32.0 want: 1.32.0
291 silly placeDep ROOT lightningcss-freebsd-x64@1.32.0 OK for: lightningcss@1.32.0 want: 1.32.0
292 silly placeDep ROOT lightningcss-linux-arm-gnueabihf@1.32.0 OK for: lightningcss@1.32.0 want: 1.32.0
293 silly placeDep ROOT lightningcss-linux-arm64-gnu@1.32.0 OK for: lightningcss@1.32.0 want: 1.32.0
294 silly placeDep ROOT lightningcss-linux-arm64-musl@1.32.0 OK for: lightningcss@1.32.0 want: 1.32.0
295 silly placeDep ROOT lightningcss-linux-x64-gnu@1.32.0 OK for: lightningcss@1.32.0 want: 1.32.0
296 silly placeDep ROOT lightningcss-linux-x64-musl@1.32.0 OK for: lightningcss@1.32.0 want: 1.32.0
297 silly placeDep ROOT lightningcss-win32-arm64-msvc@1.32.0 OK for: lightningcss@1.32.0 want: 1.32.0
298 silly placeDep ROOT lightningcss-win32-x64-msvc@1.32.0 OK for: lightningcss@1.32.0 want: 1.32.0
299 silly placeDep ROOT nanoid@3.3.15 OK for: postcss@8.5.15 want: ^3.3.12
300 silly placeDep ROOT picocolors@1.1.1 OK for: postcss@8.5.15 want: ^1.1.1
301 silly placeDep ROOT source-map-js@1.2.1 OK for: postcss@8.5.15 want: ^1.2.1
302 silly placeDep ROOT @oxc-project/types@0.133.0 OK for: rolldown@1.0.3 want: =0.133.0
303 silly placeDep ROOT @rolldown/binding-android-arm64@1.0.3 OK for: rolldown@1.0.3 want: 1.0.3
304 silly placeDep ROOT @rolldown/binding-darwin-arm64@1.0.3 OK for: rolldown@1.0.3 want: 1.0.3
305 silly placeDep ROOT @rolldown/binding-darwin-x64@1.0.3 OK for: rolldown@1.0.3 want: 1.0.3
306 silly placeDep ROOT @rolldown/binding-freebsd-x64@1.0.3 OK for: rolldown@1.0.3 want: 1.0.3
307 silly placeDep ROOT @rolldown/binding-linux-arm-gnueabihf@1.0.3 OK for: rolldown@1.0.3 want: 1.0.3
308 silly placeDep ROOT @rolldown/binding-linux-arm64-gnu@1.0.3 OK for: rolldown@1.0.3 want: 1.0.3
309 silly placeDep ROOT @rolldown/binding-linux-arm64-musl@1.0.3 OK for: rolldown@1.0.3 want: 1.0.3
310 silly placeDep ROOT @rolldown/binding-linux-ppc64-gnu@1.0.3 OK for: rolldown@1.0.3 want: 1.0.3
311 silly placeDep ROOT @rolldown/binding-linux-s390x-gnu@1.0.3 OK for: rolldown@1.0.3 want: 1.0.3
312 silly placeDep ROOT @rolldown/binding-linux-x64-gnu@1.0.3 OK for: rolldown@1.0.3 want: 1.0.3
313 silly placeDep ROOT @rolldown/binding-linux-x64-musl@1.0.3 OK for: rolldown@1.0.3 want: 1.0.3
314 silly placeDep ROOT @rolldown/binding-openharmony-arm64@1.0.3 OK for: rolldown@1.0.3 want: 1.0.3
315 silly placeDep ROOT @rolldown/binding-wasm32-wasi@1.0.3 OK for: rolldown@1.0.3 want: 1.0.3
316 silly placeDep ROOT @rolldown/binding-win32-arm64-msvc@1.0.3 OK for: rolldown@1.0.3 want: 1.0.3
317 silly placeDep ROOT @rolldown/binding-win32-x64-msvc@1.0.3 OK for: rolldown@1.0.3 want: 1.0.3
318 silly fetch manifest @emnapi/core@1.10.0
319 silly packumentCache full:https://registry.npmjs.org/@emnapi%2fcore cache-miss
320 silly fetch manifest @emnapi/runtime@1.10.0
321 silly packumentCache full:https://registry.npmjs.org/@emnapi%2fruntime cache-miss
322 silly fetch manifest @napi-rs/wasm-runtime@^1.1.4
323 silly packumentCache full:https://registry.npmjs.org/@napi-rs%2fwasm-runtime cache-miss
324 http fetch GET 200 https://registry.npmjs.org/@emnapi%2fcore 148ms (cache miss)
325 silly packumentCache full:https://registry.npmjs.org/@emnapi%2fcore set size:undefined disposed:false
326 http fetch GET 200 https://registry.npmjs.org/@emnapi%2fruntime 150ms (cache miss)
327 silly packumentCache full:https://registry.npmjs.org/@emnapi%2fruntime set size:undefined disposed:false
328 http fetch GET 200 https://registry.npmjs.org/@napi-rs%2fwasm-runtime 153ms (cache miss)
329 silly packumentCache full:https://registry.npmjs.org/@napi-rs%2fwasm-runtime set size:undefined disposed:false
330 silly placeDep ROOT @emnapi/core@1.10.0 OK for: @rolldown/binding-wasm32-wasi@1.0.3 want: 1.10.0
331 silly placeDep ROOT @emnapi/runtime@1.10.0 OK for: @rolldown/binding-wasm32-wasi@1.0.3 want: 1.10.0
332 silly placeDep ROOT @napi-rs/wasm-runtime@1.1.5 OK for: @rolldown/binding-wasm32-wasi@1.0.3 want: ^1.1.4
333 silly fetch manifest tslib@^2.4.0
334 silly packumentCache full:https://registry.npmjs.org/tslib cache-miss
335 silly fetch manifest @emnapi/wasi-threads@1.2.1
336 silly packumentCache full:https://registry.npmjs.org/@emnapi%2fwasi-threads cache-miss
337 silly fetch manifest tslib@^2.4.0
338 silly packumentCache full:https://registry.npmjs.org/tslib cache-miss
339 silly fetch manifest @tybys/wasm-util@^0.10.2
340 silly packumentCache full:https://registry.npmjs.org/@tybys%2fwasm-util cache-miss
341 http fetch GET 200 https://registry.npmjs.org/tslib 114ms (cache miss)
342 silly packumentCache full:https://registry.npmjs.org/tslib set size:undefined disposed:false
343 http fetch GET 200 https://registry.npmjs.org/tslib 137ms (cache miss)
344 silly packumentCache full:https://registry.npmjs.org/tslib set size:undefined disposed:false
345 http fetch GET 200 https://registry.npmjs.org/@emnapi%2fwasi-threads 147ms (cache miss)
346 silly packumentCache full:https://registry.npmjs.org/@emnapi%2fwasi-threads set size:undefined disposed:false
347 http fetch GET 200 https://registry.npmjs.org/@tybys%2fwasm-util 147ms (cache miss)
348 silly packumentCache full:https://registry.npmjs.org/@tybys%2fwasm-util set size:undefined disposed:false
349 silly placeDep ROOT @emnapi/wasi-threads@1.2.1 OK for: @emnapi/core@1.10.0 want: 1.2.1
350 silly placeDep ROOT tslib@2.8.1 OK for: @emnapi/core@1.10.0 want: ^2.4.0
351 silly placeDep ROOT @tybys/wasm-util@0.10.2 OK for: @napi-rs/wasm-runtime@1.1.5 want: ^0.10.2
352 silly placeDep ROOT fdir@6.5.0 OK for: tinyglobby@0.2.17 want: ^6.5.0
353 silly reify moves {}
354 silly audit bulk request {
354 silly audit   '@vitejs/plugin-react': [ '6.0.2' ],
354 silly audit   vite: [ '8.0.16' ],
354 silly audit   'lucide-react': [ '1.21.0' ],
354 silly audit   react: [ '19.2.7' ],
354 silly audit   'react-dom': [ '19.2.7' ],
354 silly audit   '@rolldown/pluginutils': [ '1.0.1' ],
354 silly audit   scheduler: [ '0.27.0' ],
354 silly audit   fsevents: [ '2.3.3' ],
354 silly audit   lightningcss: [ '1.32.0' ],
354 silly audit   picomatch: [ '4.0.4' ],
354 silly audit   postcss: [ '8.5.15' ],
354 silly audit   rolldown: [ '1.0.3' ],
354 silly audit   tinyglobby: [ '0.2.17' ],
354 silly audit   'detect-libc': [ '2.1.2' ],
354 silly audit   'lightningcss-android-arm64': [ '1.32.0' ],
354 silly audit   'lightningcss-darwin-arm64': [ '1.32.0' ],
354 silly audit   'lightningcss-darwin-x64': [ '1.32.0' ],
354 silly audit   'lightningcss-freebsd-x64': [ '1.32.0' ],
354 silly audit   'lightningcss-linux-arm-gnueabihf': [ '1.32.0' ],
354 silly audit   'lightningcss-linux-arm64-gnu': [ '1.32.0' ],
354 silly audit   'lightningcss-linux-arm64-musl': [ '1.32.0' ],
354 silly audit   'lightningcss-linux-x64-gnu': [ '1.32.0' ],
354 silly audit   'lightningcss-linux-x64-musl': [ '1.32.0' ],
354 silly audit   'lightningcss-win32-arm64-msvc': [ '1.32.0' ],
354 silly audit   'lightningcss-win32-x64-msvc': [ '1.32.0' ],
354 silly audit   nanoid: [ '3.3.15' ],
354 silly audit   picocolors: [ '1.1.1' ],
354 silly audit   'source-map-js': [ '1.2.1' ],
354 silly audit   '@oxc-project/types': [ '0.133.0' ],
354 silly audit   '@rolldown/binding-android-arm64': [ '1.0.3' ],
354 silly audit   '@rolldown/binding-darwin-arm64': [ '1.0.3' ],
354 silly audit   '@rolldown/binding-darwin-x64': [ '1.0.3' ],
354 silly audit   '@rolldown/binding-freebsd-x64': [ '1.0.3' ],
354 silly audit   '@rolldown/binding-linux-arm-gnueabihf': [ '1.0.3' ],
354 silly audit   '@rolldown/binding-linux-arm64-gnu': [ '1.0.3' ],
354 silly audit   '@rolldown/binding-linux-arm64-musl': [ '1.0.3' ],
354 silly audit   '@rolldown/binding-linux-ppc64-gnu': [ '1.0.3' ],
354 silly audit   '@rolldown/binding-linux-s390x-gnu': [ '1.0.3' ],
354 silly audit   '@rolldown/binding-linux-x64-gnu': [ '1.0.3' ],
354 silly audit   '@rolldown/binding-linux-x64-musl': [ '1.0.3' ],
354 silly audit   '@rolldown/binding-openharmony-arm64': [ '1.0.3' ],
354 silly audit   '@rolldown/binding-wasm32-wasi': [ '1.0.3' ],
354 silly audit   '@rolldown/binding-win32-arm64-msvc': [ '1.0.3' ],
354 silly audit   '@rolldown/binding-win32-x64-msvc': [ '1.0.3' ],
354 silly audit   '@emnapi/core': [ '1.10.0' ],
354 silly audit   '@emnapi/runtime': [ '1.10.0' ],
354 silly audit   '@napi-rs/wasm-runtime': [ '1.1.5' ],
354 silly audit   '@emnapi/wasi-threads': [ '1.2.1' ],
354 silly audit   tslib: [ '2.8.1' ],
354 silly audit   '@tybys/wasm-util': [ '0.10.2' ],
354 silly audit   fdir: [ '6.5.0' ]
354 silly audit }
355 verbose reify failed optional dependency D:\Python_Full_Stack\Python_Full_Stack_Projects\Codevector_Task\frontend\node_modules\@rolldown\binding-win32-arm64-msvc
356 silly reify mark deleted [
356 silly reify   'D:\\Python_Full_Stack\\Python_Full_Stack_Projects\\Codevector_Task\\frontend\\node_modules\\@rolldown\\binding-win32-arm64-msvc'
356 silly reify ]
357 verbose reify failed optional dependency D:\Python_Full_Stack\Python_Full_Stack_Projects\Codevector_Task\frontend\node_modules\@rolldown\binding-wasm32-wasi
358 silly reify mark deleted [
358 silly reify   'D:\\Python_Full_Stack\\Python_Full_Stack_Projects\\Codevector_Task\\frontend\\node_modules\\@rolldown\\binding-wasm32-wasi'
358 silly reify ]
359 verbose reify failed optional dependency D:\Python_Full_Stack\Python_Full_Stack_Projects\Codevector_Task\frontend\node_modules\@emnapi\core
360 silly reify mark deleted [
360 silly reify   'D:\\Python_Full_Stack\\Python_Full_Stack_Projects\\Codevector_Task\\frontend\\node_modules\\@emnapi\\core'
360 silly reify ]
361 verbose reify failed optional dependency D:\Python_Full_Stack\Python_Full_Stack_Projects\Codevector_Task\frontend\node_modules\@emnapi\runtime
362 silly reify mark deleted [
362 silly reify   'D:\\Python_Full_Stack\\Python_Full_Stack_Projects\\Codevector_Task\\frontend\\node_modules\\@emnapi\\runtime'
362 silly reify ]
363 verbose reify failed optional dependency D:\Python_Full_Stack\Python_Full_Stack_Projects\Codevector_Task\frontend\node_modules\@napi-rs\wasm-runtime
364 silly reify mark deleted [
364 silly reify   'D:\\Python_Full_Stack\\Python_Full_Stack_Projects\\Codevector_Task\\frontend\\node_modules\\@napi-rs\\wasm-runtime'
364 silly reify ]
365 verbose reify failed optional dependency D:\Python_Full_Stack\Python_Full_Stack_Projects\Codevector_Task\frontend\node_modules\tslib
366 silly reify mark deleted [
366 silly reify   'D:\\Python_Full_Stack\\Python_Full_Stack_Projects\\Codevector_Task\\frontend\\node_modules\\tslib'
366 silly reify ]
367 verbose reify failed optional dependency D:\Python_Full_Stack\Python_Full_Stack_Projects\Codevector_Task\frontend\node_modules\@emnapi\wasi-threads
368 silly reify mark deleted [
368 silly reify   'D:\\Python_Full_Stack\\Python_Full_Stack_Projects\\Codevector_Task\\frontend\\node_modules\\@emnapi\\wasi-threads'
368 silly reify ]
369 verbose reify failed optional dependency D:\Python_Full_Stack\Python_Full_Stack_Projects\Codevector_Task\frontend\node_modules\@tybys\wasm-util
370 silly reify mark deleted [
370 silly reify   'D:\\Python_Full_Stack\\Python_Full_Stack_Projects\\Codevector_Task\\frontend\\node_modules\\@tybys\\wasm-util'
370 silly reify ]
371 verbose reify failed optional dependency D:\Python_Full_Stack\Python_Full_Stack_Projects\Codevector_Task\frontend\node_modules\@rolldown\binding-openharmony-arm64
372 silly reify mark deleted [
372 silly reify   'D:\\Python_Full_Stack\\Python_Full_Stack_Projects\\Codevector_Task\\frontend\\node_modules\\@rolldown\\binding-openharmony-arm64'
372 silly reify ]
373 verbose reify failed optional dependency D:\Python_Full_Stack\Python_Full_Stack_Projects\Codevector_Task\frontend\node_modules\@rolldown\binding-linux-x64-musl
374 silly reify mark deleted [
374 silly reify   'D:\\Python_Full_Stack\\Python_Full_Stack_Projects\\Codevector_Task\\frontend\\node_modules\\@rolldown\\binding-linux-x64-musl'
374 silly reify ]
375 verbose reify failed optional dependency D:\Python_Full_Stack\Python_Full_Stack_Projects\Codevector_Task\frontend\node_modules\@rolldown\binding-linux-x64-gnu
376 silly reify mark deleted [
376 silly reify   'D:\\Python_Full_Stack\\Python_Full_Stack_Projects\\Codevector_Task\\frontend\\node_modules\\@rolldown\\binding-linux-x64-gnu'
376 silly reify ]
377 verbose reify failed optional dependency D:\Python_Full_Stack\Python_Full_Stack_Projects\Codevector_Task\frontend\node_modules\@rolldown\binding-linux-s390x-gnu
378 silly reify mark deleted [
378 silly reify   'D:\\Python_Full_Stack\\Python_Full_Stack_Projects\\Codevector_Task\\frontend\\node_modules\\@rolldown\\binding-linux-s390x-gnu'
378 silly reify ]
379 verbose reify failed optional dependency D:\Python_Full_Stack\Python_Full_Stack_Projects\Codevector_Task\frontend\node_modules\@rolldown\binding-linux-ppc64-gnu
380 silly reify mark deleted [
380 silly reify   'D:\\Python_Full_Stack\\Python_Full_Stack_Projects\\Codevector_Task\\frontend\\node_modules\\@rolldown\\binding-linux-ppc64-gnu'
380 silly reify ]
381 verbose reify failed optional dependency D:\Python_Full_Stack\Python_Full_Stack_Projects\Codevector_Task\frontend\node_modules\@rolldown\binding-linux-arm64-musl
382 silly reify mark deleted [
382 silly reify   'D:\\Python_Full_Stack\\Python_Full_Stack_Projects\\Codevector_Task\\frontend\\node_modules\\@rolldown\\binding-linux-arm64-musl'
382 silly reify ]
383 verbose reify failed optional dependency D:\Python_Full_Stack\Python_Full_Stack_Projects\Codevector_Task\frontend\node_modules\@rolldown\binding-linux-arm64-gnu
384 silly reify mark deleted [
384 silly reify   'D:\\Python_Full_Stack\\Python_Full_Stack_Projects\\Codevector_Task\\frontend\\node_modules\\@rolldown\\binding-linux-arm64-gnu'
384 silly reify ]
385 verbose reify failed optional dependency D:\Python_Full_Stack\Python_Full_Stack_Projects\Codevector_Task\frontend\node_modules\@rolldown\binding-linux-arm-gnueabihf
386 silly reify mark deleted [
386 silly reify   'D:\\Python_Full_Stack\\Python_Full_Stack_Projects\\Codevector_Task\\frontend\\node_modules\\@rolldown\\binding-linux-arm-gnueabihf'
386 silly reify ]
387 verbose reify failed optional dependency D:\Python_Full_Stack\Python_Full_Stack_Projects\Codevector_Task\frontend\node_modules\@rolldown\binding-freebsd-x64
388 silly reify mark deleted [
388 silly reify   'D:\\Python_Full_Stack\\Python_Full_Stack_Projects\\Codevector_Task\\frontend\\node_modules\\@rolldown\\binding-freebsd-x64'
388 silly reify ]
389 verbose reify failed optional dependency D:\Python_Full_Stack\Python_Full_Stack_Projects\Codevector_Task\frontend\node_modules\@rolldown\binding-darwin-x64
390 silly reify mark deleted [
390 silly reify   'D:\\Python_Full_Stack\\Python_Full_Stack_Projects\\Codevector_Task\\frontend\\node_modules\\@rolldown\\binding-darwin-x64'
390 silly reify ]
391 verbose reify failed optional dependency D:\Python_Full_Stack\Python_Full_Stack_Projects\Codevector_Task\frontend\node_modules\@rolldown\binding-darwin-arm64
392 silly reify mark deleted [
392 silly reify   'D:\\Python_Full_Stack\\Python_Full_Stack_Projects\\Codevector_Task\\frontend\\node_modules\\@rolldown\\binding-darwin-arm64'
392 silly reify ]
393 verbose reify failed optional dependency D:\Python_Full_Stack\Python_Full_Stack_Projects\Codevector_Task\frontend\node_modules\@rolldown\binding-android-arm64
394 silly reify mark deleted [
394 silly reify   'D:\\Python_Full_Stack\\Python_Full_Stack_Projects\\Codevector_Task\\frontend\\node_modules\\@rolldown\\binding-android-arm64'
394 silly reify ]
395 verbose reify failed optional dependency D:\Python_Full_Stack\Python_Full_Stack_Projects\Codevector_Task\frontend\node_modules\lightningcss-win32-arm64-msvc
396 silly reify mark deleted [
396 silly reify   'D:\\Python_Full_Stack\\Python_Full_Stack_Projects\\Codevector_Task\\frontend\\node_modules\\lightningcss-win32-arm64-msvc'
396 silly reify ]
397 verbose reify failed optional dependency D:\Python_Full_Stack\Python_Full_Stack_Projects\Codevector_Task\frontend\node_modules\lightningcss-linux-x64-musl
398 silly reify mark deleted [
398 silly reify   'D:\\Python_Full_Stack\\Python_Full_Stack_Projects\\Codevector_Task\\frontend\\node_modules\\lightningcss-linux-x64-musl'
398 silly reify ]
399 verbose reify failed optional dependency D:\Python_Full_Stack\Python_Full_Stack_Projects\Codevector_Task\frontend\node_modules\lightningcss-linux-x64-gnu
400 silly reify mark deleted [
400 silly reify   'D:\\Python_Full_Stack\\Python_Full_Stack_Projects\\Codevector_Task\\frontend\\node_modules\\lightningcss-linux-x64-gnu'
400 silly reify ]
401 verbose reify failed optional dependency D:\Python_Full_Stack\Python_Full_Stack_Projects\Codevector_Task\frontend\node_modules\lightningcss-linux-arm64-musl
402 silly reify mark deleted [
402 silly reify   'D:\\Python_Full_Stack\\Python_Full_Stack_Projects\\Codevector_Task\\frontend\\node_modules\\lightningcss-linux-arm64-musl'
402 silly reify ]
403 verbose reify failed optional dependency D:\Python_Full_Stack\Python_Full_Stack_Projects\Codevector_Task\frontend\node_modules\lightningcss-linux-arm64-gnu
404 silly reify mark deleted [
404 silly reify   'D:\\Python_Full_Stack\\Python_Full_Stack_Projects\\Codevector_Task\\frontend\\node_modules\\lightningcss-linux-arm64-gnu'
404 silly reify ]
405 verbose reify failed optional dependency D:\Python_Full_Stack\Python_Full_Stack_Projects\Codevector_Task\frontend\node_modules\lightningcss-linux-arm-gnueabihf
406 silly reify mark deleted [
406 silly reify   'D:\\Python_Full_Stack\\Python_Full_Stack_Projects\\Codevector_Task\\frontend\\node_modules\\lightningcss-linux-arm-gnueabihf'
406 silly reify ]
407 verbose reify failed optional dependency D:\Python_Full_Stack\Python_Full_Stack_Projects\Codevector_Task\frontend\node_modules\lightningcss-freebsd-x64
408 silly reify mark deleted [
408 silly reify   'D:\\Python_Full_Stack\\Python_Full_Stack_Projects\\Codevector_Task\\frontend\\node_modules\\lightningcss-freebsd-x64'
408 silly reify ]
409 verbose reify failed optional dependency D:\Python_Full_Stack\Python_Full_Stack_Projects\Codevector_Task\frontend\node_modules\lightningcss-darwin-x64
410 silly reify mark deleted [
410 silly reify   'D:\\Python_Full_Stack\\Python_Full_Stack_Projects\\Codevector_Task\\frontend\\node_modules\\lightningcss-darwin-x64'
410 silly reify ]
411 verbose reify failed optional dependency D:\Python_Full_Stack\Python_Full_Stack_Projects\Codevector_Task\frontend\node_modules\lightningcss-darwin-arm64
412 silly reify mark deleted [
412 silly reify   'D:\\Python_Full_Stack\\Python_Full_Stack_Projects\\Codevector_Task\\frontend\\node_modules\\lightningcss-darwin-arm64'
412 silly reify ]
413 verbose reify failed optional dependency D:\Python_Full_Stack\Python_Full_Stack_Projects\Codevector_Task\frontend\node_modules\lightningcss-android-arm64
414 silly reify mark deleted [
414 silly reify   'D:\\Python_Full_Stack\\Python_Full_Stack_Projects\\Codevector_Task\\frontend\\node_modules\\lightningcss-android-arm64'
414 silly reify ]
415 verbose reify failed optional dependency D:\Python_Full_Stack\Python_Full_Stack_Projects\Codevector_Task\frontend\node_modules\fsevents
416 silly reify mark deleted [
416 silly reify   'D:\\Python_Full_Stack\\Python_Full_Stack_Projects\\Codevector_Task\\frontend\\node_modules\\fsevents'
416 silly reify ]
417 http cache fdir@https://registry.npmjs.org/fdir/-/fdir-6.5.0.tgz 1ms (cache hit)
418 http cache @tybys/wasm-util@https://registry.npmjs.org/@tybys/wasm-util/-/wasm-util-0.10.2.tgz 0ms (cache hit)
419 http cache tslib@https://registry.npmjs.org/tslib/-/tslib-2.8.1.tgz 0ms (cache hit)
420 http cache @emnapi/wasi-threads@https://registry.npmjs.org/@emnapi/wasi-threads/-/wasi-threads-1.2.1.tgz 0ms (cache hit)
421 http cache @oxc-project/types@https://registry.npmjs.org/@oxc-project/types/-/types-0.133.0.tgz 0ms (cache hit)
422 http cache @napi-rs/wasm-runtime@https://registry.npmjs.org/@napi-rs/wasm-runtime/-/wasm-runtime-1.1.5.tgz 0ms (cache hit)
423 http cache @emnapi/runtime@https://registry.npmjs.org/@emnapi/runtime/-/runtime-1.10.0.tgz 0ms (cache hit)
424 http cache source-map-js@https://registry.npmjs.org/source-map-js/-/source-map-js-1.2.1.tgz 0ms (cache hit)
425 http cache @emnapi/core@https://registry.npmjs.org/@emnapi/core/-/core-1.10.0.tgz 0ms (cache hit)
426 http cache @rolldown/binding-win32-x64-msvc@https://registry.npmjs.org/@rolldown/binding-win32-x64-msvc/-/binding-win32-x64-msvc-1.0.3.tgz 0ms (cache hit)
427 http cache picocolors@https://registry.npmjs.org/picocolors/-/picocolors-1.1.1.tgz 0ms (cache hit)
428 http cache detect-libc@https://registry.npmjs.org/detect-libc/-/detect-libc-2.1.2.tgz 0ms (cache hit)
429 http cache tinyglobby@https://registry.npmjs.org/tinyglobby/-/tinyglobby-0.2.17.tgz 0ms (cache hit)
430 http cache postcss@https://registry.npmjs.org/postcss/-/postcss-8.5.15.tgz 0ms (cache hit)
431 http cache rolldown@https://registry.npmjs.org/rolldown/-/rolldown-1.0.3.tgz 0ms (cache hit)
432 http cache nanoid@https://registry.npmjs.org/nanoid/-/nanoid-3.3.15.tgz 0ms (cache hit)
433 http cache @rolldown/pluginutils@https://registry.npmjs.org/@rolldown/pluginutils/-/pluginutils-1.0.1.tgz 0ms (cache hit)
434 http cache picomatch@https://registry.npmjs.org/picomatch/-/picomatch-4.0.4.tgz 0ms (cache hit)
435 http cache lightningcss-win32-x64-msvc@https://registry.npmjs.org/lightningcss-win32-x64-msvc/-/lightningcss-win32-x64-msvc-1.32.0.tgz 0ms (cache hit)
436 http cache lightningcss@https://registry.npmjs.org/lightningcss/-/lightningcss-1.32.0.tgz 0ms (cache hit)
437 http cache scheduler@https://registry.npmjs.org/scheduler/-/scheduler-0.27.0.tgz 0ms (cache hit)
438 http cache react-dom@https://registry.npmjs.org/react-dom/-/react-dom-19.2.7.tgz 0ms (cache hit)
439 http cache react@https://registry.npmjs.org/react/-/react-19.2.7.tgz 0ms (cache hit)
440 silly tarball no local data for fdir@https://registry.npmjs.org/fdir/-/fdir-6.5.0.tgz. Extracting by manifest.
441 http cache lucide-react@https://registry.npmjs.org/lucide-react/-/lucide-react-1.21.0.tgz 0ms (cache hit)
442 http cache vite@https://registry.npmjs.org/vite/-/vite-8.0.16.tgz 0ms (cache hit)
443 silly tarball no local data for @tybys/wasm-util@https://registry.npmjs.org/@tybys/wasm-util/-/wasm-util-0.10.2.tgz. Extracting by manifest.
444 silly tarball no local data for tslib@https://registry.npmjs.org/tslib/-/tslib-2.8.1.tgz. Extracting by manifest.
445 silly tarball no local data for @emnapi/wasi-threads@https://registry.npmjs.org/@emnapi/wasi-threads/-/wasi-threads-1.2.1.tgz. Extracting by manifest.
446 silly tarball no local data for @oxc-project/types@https://registry.npmjs.org/@oxc-project/types/-/types-0.133.0.tgz. Extracting by manifest.
447 silly tarball no local data for @napi-rs/wasm-runtime@https://registry.npmjs.org/@napi-rs/wasm-runtime/-/wasm-runtime-1.1.5.tgz. Extracting by manifest.
448 silly tarball no local data for @emnapi/runtime@https://registry.npmjs.org/@emnapi/runtime/-/runtime-1.10.0.tgz. Extracting by manifest.
449 silly tarball no local data for source-map-js@https://registry.npmjs.org/source-map-js/-/source-map-js-1.2.1.tgz. Extracting by manifest.
450 silly tarball no local data for @emnapi/core@https://registry.npmjs.org/@emnapi/core/-/core-1.10.0.tgz. Extracting by manifest.
451 http cache @vitejs/plugin-react@https://registry.npmjs.org/@vitejs/plugin-react/-/plugin-react-6.0.2.tgz 0ms (cache hit)
452 silly tarball no local data for @rolldown/binding-win32-x64-msvc@https://registry.npmjs.org/@rolldown/binding-win32-x64-msvc/-/binding-win32-x64-msvc-1.0.3.tgz. Extracting by manifest.
453 silly tarball no local data for picocolors@https://registry.npmjs.org/picocolors/-/picocolors-1.1.1.tgz. Extracting by manifest.
454 silly tarball no local data for detect-libc@https://registry.npmjs.org/detect-libc/-/detect-libc-2.1.2.tgz. Extracting by manifest.
455 silly tarball no local data for tinyglobby@https://registry.npmjs.org/tinyglobby/-/tinyglobby-0.2.17.tgz. Extracting by manifest.
456 silly tarball no local data for postcss@https://registry.npmjs.org/postcss/-/postcss-8.5.15.tgz. Extracting by manifest.
457 silly tarball no local data for rolldown@https://registry.npmjs.org/rolldown/-/rolldown-1.0.3.tgz. Extracting by manifest.
458 silly tarball no local data for nanoid@https://registry.npmjs.org/nanoid/-/nanoid-3.3.15.tgz. Extracting by manifest.
459 silly tarball no local data for picomatch@https://registry.npmjs.org/picomatch/-/picomatch-4.0.4.tgz. Extracting by manifest.
460 silly tarball no local data for @rolldown/pluginutils@https://registry.npmjs.org/@rolldown/pluginutils/-/pluginutils-1.0.1.tgz. Extracting by manifest.
461 silly tarball no local data for lightningcss-win32-x64-msvc@https://registry.npmjs.org/lightningcss-win32-x64-msvc/-/lightningcss-win32-x64-msvc-1.32.0.tgz. Extracting by manifest.
462 silly tarball no local data for lightningcss@https://registry.npmjs.org/lightningcss/-/lightningcss-1.32.0.tgz. Extracting by manifest.
463 silly tarball no local data for scheduler@https://registry.npmjs.org/scheduler/-/scheduler-0.27.0.tgz. Extracting by manifest.
464 silly tarball no local data for react-dom@https://registry.npmjs.org/react-dom/-/react-dom-19.2.7.tgz. Extracting by manifest.
465 silly tarball no local data for react@https://registry.npmjs.org/react/-/react-19.2.7.tgz. Extracting by manifest.
466 silly tarball no local data for lucide-react@https://registry.npmjs.org/lucide-react/-/lucide-react-1.21.0.tgz. Extracting by manifest.
467 silly tarball no local data for vite@https://registry.npmjs.org/vite/-/vite-8.0.16.tgz. Extracting by manifest.
468 silly tarball no local data for @vitejs/plugin-react@https://registry.npmjs.org/@vitejs/plugin-react/-/plugin-react-6.0.2.tgz. Extracting by manifest.
469 http fetch GET 200 https://registry.npmjs.org/fdir/-/fdir-6.5.0.tgz 132ms (cache miss)
470 http fetch GET 200 https://registry.npmjs.org/tslib/-/tslib-2.8.1.tgz 143ms (cache miss)
471 http fetch GET 200 https://registry.npmjs.org/@oxc-project/types/-/types-0.133.0.tgz 171ms (cache miss)
472 http fetch GET 200 https://registry.npmjs.org/@emnapi/wasi-threads/-/wasi-threads-1.2.1.tgz 242ms (cache miss)
473 http fetch GET 200 https://registry.npmjs.org/source-map-js/-/source-map-js-1.2.1.tgz 243ms (cache miss)
474 http fetch GET 200 https://registry.npmjs.org/@emnapi/runtime/-/runtime-1.10.0.tgz 280ms (cache miss)
475 http fetch GET 200 https://registry.npmjs.org/nanoid/-/nanoid-3.3.15.tgz 317ms (cache miss)
476 http fetch GET 200 https://registry.npmjs.org/@tybys/wasm-util/-/wasm-util-0.10.2.tgz 351ms (cache miss)
477 http fetch GET 200 https://registry.npmjs.org/picomatch/-/picomatch-4.0.4.tgz 355ms (cache miss)
478 http fetch GET 200 https://registry.npmjs.org/scheduler/-/scheduler-0.27.0.tgz 416ms (cache miss)
479 http fetch POST 200 https://registry.npmjs.org/-/npm/v1/security/advisories/bulk 461ms
480 silly audit report {}
481 http fetch GET 200 https://registry.npmjs.org/@emnapi/core/-/core-1.10.0.tgz 453ms (cache miss)
482 http fetch GET 200 https://registry.npmjs.org/@rolldown/pluginutils/-/pluginutils-1.0.1.tgz 454ms (cache miss)
483 http fetch GET 200 https://registry.npmjs.org/rolldown/-/rolldown-1.0.3.tgz 496ms (cache miss)
484 http fetch GET 200 https://registry.npmjs.org/lightningcss/-/lightningcss-1.32.0.tgz 533ms (cache miss)
485 http fetch GET 200 https://registry.npmjs.org/react/-/react-19.2.7.tgz 701ms (cache miss)
486 http fetch GET 200 https://registry.npmjs.org/@vitejs/plugin-react/-/plugin-react-6.0.2.tgz 911ms (cache miss)
487 http fetch GET 200 https://registry.npmjs.org/picocolors/-/picocolors-1.1.1.tgz 1047ms (cache miss)
488 http fetch GET 200 https://registry.npmjs.org/tinyglobby/-/tinyglobby-0.2.17.tgz 1123ms (cache miss)
489 http fetch GET 200 https://registry.npmjs.org/postcss/-/postcss-8.5.15.tgz 1238ms (cache miss)
490 http fetch GET 200 https://registry.npmjs.org/react-dom/-/react-dom-19.2.7.tgz 1259ms (cache miss)
491 http fetch GET 200 https://registry.npmjs.org/detect-libc/-/detect-libc-2.1.2.tgz 1299ms (cache miss)
492 http fetch GET 200 https://registry.npmjs.org/@napi-rs/wasm-runtime/-/wasm-runtime-1.1.5.tgz 1628ms (cache miss)
493 http fetch GET 200 https://registry.npmjs.org/vite/-/vite-8.0.16.tgz 1651ms (cache miss)
494 http fetch GET 200 https://registry.npmjs.org/lightningcss-win32-x64-msvc/-/lightningcss-win32-x64-msvc-1.32.0.tgz 5161ms (cache miss)
495 http fetch GET 200 https://registry.npmjs.org/@rolldown/binding-win32-x64-msvc/-/binding-win32-x64-msvc-1.0.3.tgz 5772ms (cache miss)
496 http fetch GET 200 https://registry.npmjs.org/lucide-react/-/lucide-react-1.21.0.tgz 8619ms (cache miss)
497 silly ADD node_modules/fdir
498 silly ADD
499 silly ADD
500 silly ADD
501 silly ADD
502 silly ADD
503 silly ADD
504 silly ADD node_modules/@rolldown/binding-win32-x64-msvc
505 silly ADD
506 silly ADD
507 silly ADD
508 silly ADD
509 silly ADD
510 silly ADD
511 silly ADD
512 silly ADD
513 silly ADD
514 silly ADD
515 silly ADD
516 silly ADD
517 silly ADD
518 silly ADD
519 silly ADD node_modules/@oxc-project/types
520 silly ADD node_modules/source-map-js
521 silly ADD node_modules/picocolors
522 silly ADD node_modules/nanoid
523 silly ADD node_modules/lightningcss-win32-x64-msvc
524 silly ADD
525 silly ADD
526 silly ADD
527 silly ADD
528 silly ADD
529 silly ADD
530 silly ADD
531 silly ADD
532 silly ADD
533 silly ADD
534 silly ADD node_modules/detect-libc
535 silly ADD node_modules/tinyglobby
536 silly ADD node_modules/rolldown
537 silly ADD node_modules/postcss
538 silly ADD node_modules/picomatch
539 silly ADD node_modules/lightningcss
540 silly ADD
541 silly ADD node_modules/scheduler
542 silly ADD node_modules/@rolldown/pluginutils
543 silly ADD node_modules/react-dom
544 silly ADD node_modules/react
545 silly ADD node_modules/lucide-react
546 silly ADD node_modules/vite
547 silly ADD node_modules/@vitejs/plugin-react
548 verbose cwd D:\Python_Full_Stack\Python_Full_Stack_Projects\Codevector_Task\frontend
549 verbose os Windows_NT 10.0.26200
550 verbose node v22.14.0
551 verbose npm  v10.9.2
552 verbose exit 0
553 info ok
