0 verbose cli C:\Program Files\nodejs\node.exe C:\Program Files\nodejs\node_modules\npm\bin\npm-cli.js
1 info using npm@10.9.2
2 info using node@v22.14.0
3 silly config load:file:C:\Program Files\nodejs\node_modules\npm\npmrc
4 silly config load:file:D:\Python_Full_Stack\Python_Full_Stack_Projects\Codevector_Task\frontend\.npmrc
5 silly config load:file:C:\Users\poted\.npmrc
6 silly config load:file:D:\Python_Full_Stack\Python_Full_Stack_Projects\Codevector_Task\frontend\etc\npmrc
7 verbose title npm install
8 verbose argv "--prefix" "frontend" "install" "--cache" "frontend\\.npm-cache"
9 verbose logfile logs-max:10 dir:D:\Python_Full_Stack\Python_Full_Stack_Projects\Codevector_Task\frontend\.npm-cache\_logs\2026-06-22T11_52_31_055Z-
10 verbose logfile D:\Python_Full_Stack\Python_Full_Stack_Projects\Codevector_Task\frontend\.npm-cache\_logs\2026-06-22T11_52_31_055Z-debug-0.log
11 silly logfile done cleaning log files
12 silly packumentCache heap:4345298944 maxSize:1086324736 maxEntrySize:543162368
13 verbose stack Error: Could not read package.json: Error: ENOENT: no such file or directory, open 'D:\Python_Full_Stack\Python_Full_Stack_Projects\Codevector_Task\package.json'
13 verbose stack     at async open (node:internal/fs/promises:638:25)
13 verbose stack     at async readFile (node:internal/fs/promises:1242:14)
13 verbose stack     at async read (C:\Program Files\nodejs\node_modules\npm\node_modules\@npmcli\package-json\lib\read-package.js:9:18)
13 verbose stack     at async PackageJson.load (C:\Program Files\nodejs\node_modules\npm\node_modules\@npmcli\package-json\lib\index.js:131:31)
13 verbose stack     at async PackageJson.normalize (C:\Program Files\nodejs\node_modules\npm\node_modules\@npmcli\package-json\lib\index.js:117:5)
13 verbose stack     at async C:\Program Files\nodejs\node_modules\npm\node_modules\@npmcli\arborist\lib\arborist\build-ideal-tree.js:515:22
13 verbose stack     at async Promise.all (index 0)
13 verbose stack     at async #add (C:\Program Files\nodejs\node_modules\npm\node_modules\@npmcli\arborist\lib\arborist\build-ideal-tree.js:504:5)
13 verbose stack     at async #applyUserRequestsToNode (C:\Program Files\nodejs\node_modules\npm\node_modules\@npmcli\arborist\lib\arborist\build-ideal-tree.js:473:7)
13 verbose stack     at async #applyUserRequests (C:\Program Files\nodejs\node_modules\npm\node_modules\@npmcli\arborist\lib\arborist\build-ideal-tree.js:408:7)
14 error code ENOENT
15 error syscall open
16 error path D:\Python_Full_Stack\Python_Full_Stack_Projects\Codevector_Task\package.json
17 error errno -4058
18 error enoent Could not read package.json: Error: ENOENT: no such file or directory, open 'D:\Python_Full_Stack\Python_Full_Stack_Projects\Codevector_Task\package.json'
19 error enoent This is related to npm not being able to find a file.
19 error enoent
20 silly unfinished npm timer reify 1782129152986
21 silly unfinished npm timer reify:loadTrees 1782129152995
22 silly unfinished npm timer idealTree:userRequests 1782129153071
23 verbose cwd D:\Python_Full_Stack\Python_Full_Stack_Projects\Codevector_Task
24 verbose os Windows_NT 10.0.26200
25 verbose node v22.14.0
26 verbose npm  v10.9.2
27 verbose exit -4058
28 verbose code -4058
29 error A complete log of this run can be found in: D:\Python_Full_Stack\Python_Full_Stack_Projects\Codevector_Task\frontend\.npm-cache\_logs\2026-06-22T11_52_31_055Z-debug-0.log
